app/build/intermediates/manifest_merge_blame_file/debug/manifest-merger-blame-debug-report.txt
1<?xml version="1.0" encoding="utf-8"?>
2<manifest xmlns:android="http://schemas.android.com/apk/res/android"
3    package="com.example.uhf"
4    android:versionCode="1"
5    android:versionName="1.3.4" >
6
7    <uses-sdk
8        android:minSdkVersion="19"
8-->src\main\AndroidManifest.xml
9        android:targetSdkVersion="30" />
9-->src\main\AndroidManifest.xml
10
11    <uses-permission android:name="android.permission.READ_EXTERNAL_STORAGE" />
11-->src\main\AndroidManifest.xml:6:5-80
11-->src\main\AndroidManifest.xml:6:22-77
12    <uses-permission android:name="android.permission.WRITE_EXTERNAL_STORAGE" />
12-->src\main\AndroidManifest.xml:7:5-81
12-->src\main\AndroidManifest.xml:7:22-78
13    <uses-permission android:name="android.permission.MANAGE_EXTERNAL_STORAGE" />
13-->src\main\AndroidManifest.xml:8:5-82
13-->src\main\AndroidManifest.xml:8:22-79
14    <uses-permission android:name="android.permission.INTERNET" />
14-->src\main\AndroidManifest.xml:9:5-66
14-->src\main\AndroidManifest.xml:9:22-64
15    <uses-permission android:name="android.permission.ACCESS_NETWORK_STATE" />
15-->src\main\AndroidManifest.xml:10:5-78
15-->src\main\AndroidManifest.xml:10:22-76
16    <uses-permission android:name="android.permission.BLUETOOTH_ADMIN" />
16-->[DeviceAPI_ver20230301_release.aar] AndroidManifest.xml:12:5-74
16-->[DeviceAPI_ver20230301_release.aar] AndroidManifest.xml:12:22-71
17    <uses-permission android:name="android.permission.CAMERA" />
17-->[DeviceAPI_ver20230301_release.aar] AndroidManifest.xml:13:5-65
17-->[DeviceAPI_ver20230301_release.aar] AndroidManifest.xml:13:22-62
18    <uses-permission android:name="android.permission.CHANGE_WIFI_STATE" />
18-->[DeviceAPI_ver20230301_release.aar] AndroidManifest.xml:14:5-76
18-->[DeviceAPI_ver20230301_release.aar] AndroidManifest.xml:14:22-73
19
20    <application
20-->src\main\AndroidManifest.xml:11:5-38:19
21        android:allowBackup="true"
21-->src\main\AndroidManifest.xml:12:9-35
22        android:appComponentFactory="androidx.core.app.CoreComponentFactory"
22-->[androidx.core:core:1.1.0] AndroidManifest.xml:24:18-86
23        android:debuggable="true"
24        android:icon="@drawable/ic_launcher"
24-->src\main\AndroidManifest.xml:13:9-45
25        android:label="@string/app_name"
25-->src\main\AndroidManifest.xml:14:9-41
26        android:theme="@style/CustomTheme" >
26-->src\main\AndroidManifest.xml:15:9-43
27        <activity
27-->src\main\AndroidManifest.xml:16:9-26:20
28            android:name="com.example.uhf.activity.UHFMainActivity"
28-->src\main\AndroidManifest.xml:17:13-68
29            android:configChanges="orientation|screenSize"
29-->src\main\AndroidManifest.xml:19:13-59
30            android:label="@string/app_name"
30-->src\main\AndroidManifest.xml:20:13-45
31            android:screenOrientation="portrait" >
31-->src\main\AndroidManifest.xml:18:13-49
32            <intent-filter>
32-->src\main\AndroidManifest.xml:21:13-25:29
33                <action android:name="android.intent.action.MAIN" />
33-->src\main\AndroidManifest.xml:22:17-69
33-->src\main\AndroidManifest.xml:22:25-66
34
35                <category android:name="android.intent.category.LAUNCHER" />
35-->src\main\AndroidManifest.xml:24:17-77
35-->src\main\AndroidManifest.xml:24:27-74
36            </intent-filter>
37        </activity>
38
39        <receiver android:name="com.example.uhf.BootBroadcastReceiver" >
39-->src\main\AndroidManifest.xml:27:9-32:20
39-->src\main\AndroidManifest.xml:27:19-71
40            <intent-filter android:priority="1000" >
40-->src\main\AndroidManifest.xml:28:13-31:29
40-->src\main\AndroidManifest.xml:28:28-51
41                <action android:name="android.intent.action.BOOT_COMPLETED" />
41-->src\main\AndroidManifest.xml:29:17-79
41-->src\main\AndroidManifest.xml:29:25-76
42
43                <category android:name="android.intent.category.LAUNCHER" />
43-->src\main\AndroidManifest.xml:24:17-77
43-->src\main\AndroidManifest.xml:24:27-74
44            </intent-filter>
45        </receiver>
46
47        <activity
47-->src\main\AndroidManifest.xml:33:9-36:61
48            android:name="com.example.uhf.filebrowser.FileManagerActivity"
48-->src\main\AndroidManifest.xml:34:13-75
49            android:configChanges="orientation|screenSize"
49-->src\main\AndroidManifest.xml:36:13-59
50            android:screenOrientation="portrait" />
50-->src\main\AndroidManifest.xml:35:13-49
51    </application>
52
53</manifest>